<?xml version="1.0" encoding="UTF-8"?>
<!-- Generated by org.testng.reporters.JUnitReportReporter -->
<testsuite skipped="0" hostname="DESKTOP-N308L1J" name="util.BrowserFactor" tests="1" failures="0" timestamp="14 Mar 2021 15:36:42 GMT" time="7.259" errors="0">
  <testcase name="init" time="7.259" classname="util.BrowserFactor"/>
</testsuite> <!-- util.BrowserFactor -->
